[
  {
    "level": "INFO",
    "message": "android.ndkVersion from module build.gradle is 21.2.6472646"
  },
  {
    "level": "INFO",
    "message": "ndk.dir in local.properties is not set"
  },
  {
    "level": "INFO",
    "message": "ANDROID_NDK_HOME environment variable is not set"
  },
  {
    "level": "INFO",
    "message": "sdkFolder is /Users/LayaBox/Android/android-sdk-macosx"
  },
  {
    "level": "INFO",
    "message": "Considering /Users/LayaBox/Android/android-sdk-macosx/ndk-bundle in SDK ndk-bundle folder"
  },
  {
    "level": "INFO",
    "message": "Considering /Users/LayaBox/Android/android-sdk-macosx/ndk/21.3.6528147 in SDK ndk folder"
  },
  {
    "level": "INFO",
    "message": "Considering /Users/LayaBox/Android/android-sdk-macosx/ndk/21.2.6472646 in SDK ndk folder"
  },
  {
    "level": "INFO",
    "message": "Rejected /Users/LayaBox/Android/android-sdk-macosx/ndk/21.2.6472646 in SDK ndk folder because that location has no source.properties"
  },
  {
    "level": "INFO",
    "message": "Rejected /Users/LayaBox/Android/android-sdk-macosx/ndk/21.3.6528147 in SDK ndk folder because that NDK had version 21.3.6528147 which didn\u0027t match the requested version 21.2.6472646"
  },
  {
    "level": "INFO",
    "message": "Rejected /Users/LayaBox/Android/android-sdk-macosx/ndk-bundle in SDK ndk-bundle folder because that NDK had version 20.0.5594570 which didn\u0027t match the requested version 21.2.6472646"
  },
  {
    "level": "ERROR",
    "message": "No version of NDK matched the requested version 21.2.6472646. Versions available locally: 20.0.5594570, 21.3.6528147"
  }
]